<?xml version="1.0" encoding="UTF-8"?>
<coverage generated="1614109022849" clover="3.2.0">
  <project timestamp="1614109022849" name="All files">
    <metrics statements="25" coveredstatements="21" conditionals="2" coveredconditionals="1" methods="5" coveredmethods="4" elements="32" coveredelements="26" complexity="0" loc="25" ncloc="25" packages="1" files="1" classes="1"/>
    <file name="index.js" path="/Users/chinyeluibute/Documents/project/node/relay-package/index.js">
      <metrics statements="25" coveredstatements="21" conditionals="2" coveredconditionals="1" methods="5" coveredmethods="4"/>
      <line num="1" count="1" type="stmt"/>
      <line num="2" count="1" type="stmt"/>
      <line num="4" count="1" type="stmt"/>
      <line num="7" count="1" type="stmt"/>
      <line num="8" count="1" type="stmt"/>
      <line num="9" count="1" type="stmt"/>
      <line num="11" count="1" type="stmt"/>
      <line num="12" count="1" type="stmt"/>
      <line num="13" count="1" type="stmt"/>
      <line num="14" count="1" type="stmt"/>
      <line num="16" count="1" type="stmt"/>
      <line num="17" count="1" type="stmt"/>
      <line num="19" count="1" type="stmt"/>
      <line num="24" count="1" type="stmt"/>
      <line num="26" count="1" type="stmt"/>
      <line num="27" count="1" type="stmt"/>
      <line num="28" count="1" type="cond" truecount="1" falsecount="1"/>
      <line num="29" count="1" type="stmt"/>
      <line num="30" count="1" type="stmt"/>
      <line num="31" count="1" type="stmt"/>
      <line num="32" count="0" type="stmt"/>
      <line num="33" count="0" type="stmt"/>
      <line num="38" count="0" type="stmt"/>
      <line num="39" count="0" type="stmt"/>
      <line num="45" count="1" type="stmt"/>
    </file>
  </project>
</coverage>
