{"/Users/chinyeluibute/Documents/project/node/relay-package/index.js": {"path":"/Users/chinyeluibute/Documents/project/node/relay-package/index.js","statementMap":{"0":{"start":{"line":1,"column":16},"end":{"line":1,"column":34}},"1":{"start":{"line":2,"column":23},"end":{"line":2,"column":38}},"2":{"start":{"line":4,"column":13},"end":{"line":4,"column":21}},"3":{"start":{"line":7,"column":17},"end":{"line":41,"column":1}},"4":{"start":{"line":8,"column":23},"end":{"line":8,"column":49}},"5":{"start":{"line":9,"column":20},"end":{"line":9,"column":52}},"6":{"start":{"line":11,"column":4},"end":{"line":40,"column":5}},"7":{"start":{"line":12,"column":70},"end":{"line":39,"column":10}},"8":{"start":{"line":13,"column":12},"end":{"line":38,"column":13}},"9":{"start":{"line":14,"column":33},"end":{"line":14,"column":81}},"10":{"start":{"line":16,"column":32},"end":{"line":16,"column":67}},"11":{"start":{"line":18,"column":16},"end":{"line":21,"column":18}},"12":{"start":{"line":23,"column":16},"end":{"line":35,"column":36}},"13":{"start":{"line":24,"column":36},"end":{"line":24,"column":62}},"14":{"start":{"line":25,"column":20},"end":{"line":34,"column":21}},"15":{"start":{"line":26,"column":24},"end":{"line":26,"column":40}},"16":{"start":{"line":27,"column":24},"end":{"line":27,"column":43}},"17":{"start":{"line":37,"column":16},"end":{"line":37,"column":30}},"18":{"start":{"line":43,"column":0},"end":{"line":43,"column":26}}},"fnMap":{"0":{"name":"(anonymous_0)","decl":{"start":{"line":7,"column":17},"end":{"line":7,"column":18}},"loc":{"start":{"line":7,"column":32},"end":{"line":41,"column":1}},"line":7},"1":{"name":"(anonymous_1)","decl":{"start":{"line":12,"column":15},"end":{"line":12,"column":16}},"loc":{"start":{"line":12,"column":70},"end":{"line":39,"column":10}},"line":12},"2":{"name":"(anonymous_2)","decl":{"start":{"line":12,"column":82},"end":{"line":12,"column":83}},"loc":{"start":{"line":12,"column":109},"end":{"line":39,"column":9}},"line":12},"3":{"name":"(anonymous_3)","decl":{"start":{"line":23,"column":48},"end":{"line":23,"column":49}},"loc":{"start":{"line":23,"column":58},"end":{"line":35,"column":17}},"line":23}},"branchMap":{"0":{"loc":{"start":{"line":25,"column":20},"end":{"line":34,"column":21}},"type":"if","locations":[{"start":{"line":25,"column":20},"end":{"line":34,"column":21}},{"start":{"line":25,"column":20},"end":{"line":34,"column":21}}],"line":25}},"s":{"0":1,"1":1,"2":1,"3":1,"4":1,"5":1,"6":1,"7":1,"8":1,"9":1,"10":1,"11":1,"12":1,"13":1,"14":1,"15":1,"16":1,"17":0,"18":1},"f":{"0":1,"1":1,"2":1,"3":1},"b":{"0":[1,0]},"_coverageSchema":"1a1c01bbd47fc00a2c39e90264f33305004495a9","hash":"6460616c862e950705cb0e8a5de64ae79094833c"}
}
