{"/Users/chinyeluibute/Documents/project/node/relay-package/index.js": {"path":"/Users/chinyeluibute/Documents/project/node/relay-package/index.js","statementMap":{"0":{"start":{"line":1,"column":16},"end":{"line":1,"column":34}},"1":{"start":{"line":2,"column":23},"end":{"line":2,"column":38}},"2":{"start":{"line":4,"column":13},"end":{"line":4,"column":21}},"3":{"start":{"line":7,"column":17},"end":{"line":43,"column":1}},"4":{"start":{"line":8,"column":21},"end":{"line":8,"column":47}},"5":{"start":{"line":9,"column":18},"end":{"line":9,"column":50}},"6":{"start":{"line":11,"column":2},"end":{"line":42,"column":3}},"7":{"start":{"line":12,"column":66},"end":{"line":41,"column":6}},"8":{"start":{"line":13,"column":6},"end":{"line":40,"column":7}},"9":{"start":{"line":14,"column":25},"end":{"line":14,"column":73}},"10":{"start":{"line":16,"column":8},"end":{"line":16,"column":65}},"11":{"start":{"line":17,"column":24},"end":{"line":17,"column":59}},"12":{"start":{"line":19,"column":8},"end":{"line":22,"column":10}},"13":{"start":{"line":24,"column":8},"end":{"line":24,"column":67}},"14":{"start":{"line":26,"column":8},"end":{"line":36,"column":28}},"15":{"start":{"line":27,"column":26},"end":{"line":27,"column":52}},"16":{"start":{"line":28,"column":10},"end":{"line":35,"column":11}},"17":{"start":{"line":29,"column":12},"end":{"line":29,"column":61}},"18":{"start":{"line":30,"column":12},"end":{"line":30,"column":28}},"19":{"start":{"line":31,"column":12},"end":{"line":34,"column":20}},"20":{"start":{"line":32,"column":14},"end":{"line":32,"column":33}},"21":{"start":{"line":33,"column":14},"end":{"line":33,"column":30}},"22":{"start":{"line":38,"column":8},"end":{"line":38,"column":27}},"23":{"start":{"line":39,"column":8},"end":{"line":39,"column":22}},"24":{"start":{"line":45,"column":0},"end":{"line":45,"column":26}}},"fnMap":{"0":{"name":"(anonymous_0)","decl":{"start":{"line":7,"column":17},"end":{"line":7,"column":18}},"loc":{"start":{"line":7,"column":32},"end":{"line":43,"column":1}},"line":7},"1":{"name":"(anonymous_1)","decl":{"start":{"line":12,"column":11},"end":{"line":12,"column":12}},"loc":{"start":{"line":12,"column":66},"end":{"line":41,"column":6}},"line":12},"2":{"name":"(anonymous_2)","decl":{"start":{"line":12,"column":78},"end":{"line":12,"column":79}},"loc":{"start":{"line":12,"column":105},"end":{"line":41,"column":5}},"line":12},"3":{"name":"(anonymous_3)","decl":{"start":{"line":26,"column":40},"end":{"line":26,"column":41}},"loc":{"start":{"line":26,"column":50},"end":{"line":36,"column":9}},"line":26},"4":{"name":"(anonymous_4)","decl":{"start":{"line":31,"column":23},"end":{"line":31,"column":24}},"loc":{"start":{"line":31,"column":29},"end":{"line":34,"column":13}},"line":31}},"branchMap":{"0":{"loc":{"start":{"line":28,"column":10},"end":{"line":35,"column":11}},"type":"if","locations":[{"start":{"line":28,"column":10},"end":{"line":35,"column":11}},{"start":{"line":28,"column":10},"end":{"line":35,"column":11}}],"line":28}},"s":{"0":1,"1":1,"2":1,"3":1,"4":1,"5":1,"6":1,"7":1,"8":1,"9":1,"10":1,"11":1,"12":1,"13":1,"14":1,"15":1,"16":1,"17":1,"18":1,"19":1,"20":0,"21":0,"22":0,"23":0,"24":1},"f":{"0":1,"1":1,"2":1,"3":1,"4":0},"b":{"0":[1,0]},"_coverageSchema":"1a1c01bbd47fc00a2c39e90264f33305004495a9","hash":"53105f68f800a7c8e7010564450963fd6064e073"}
}
